This file contains any messages produced by compilers while
running configure, to aid debugging if configure makes a mistake.

It was created by gold configure 0.1, which was
generated by GNU Autoconf 2.64.  Invocation command line was

  $ /opt/shared/sok-arm/gt/build_arm/binutils-2.30/gold/configure --srcdir=.././gold --cache-file=./config.cache --with-gnu-as --with-gnu-ld --with-system-zlib --enable-gold --prefix=/opt/shared/sok-arm/gt/build_arm/executable_binutils_debug --disable-werror --enable-shared --enable-ld=default --enable-plugins --enable-64-bit-bfd --with-system-zlib --enable-multilib --with-arch=armv7-a --with-fpu=vfpu3-d16 --with-float=hard --program-transform-name=s,y,y, --disable-option-checking --build=armv7l-unknown-linux-gnueabihf --host=armv7l-unknown-linux-gnueabihf --target=armv7l-unknown-linux-gnueabihf

## --------- ##
## Platform. ##
## --------- ##

hostname = a4fb44a29b82
uname -m = armv7l
uname -r = 5.11.0-41-generic
uname -s = Linux
uname -v = #45~20.04.1-Ubuntu SMP Wed Nov 10 10:20:10 UTC 2021

/usr/bin/uname -p = unknown
/bin/uname -X     = unknown

/bin/arch              = unknown
/usr/bin/arch -k       = unknown
/usr/convex/getsysinfo = unknown
/usr/bin/hostinfo      = unknown
/bin/machine           = unknown
/usr/bin/oslevel       = unknown
/bin/universe          = unknown

PATH: /usr/local/sbin
PATH: /usr/local/bin
PATH: /usr/sbin
PATH: /usr/bin
PATH: /sbin
PATH: /bin


## ----------- ##
## Core tests. ##
## ----------- ##

configure:2550: loading cache ./config.cache
configure:2663: checking build system type
configure:2677: result: armv7l-unknown-linux-gnueabihf
configure:2697: checking host system type
configure:2710: result: armv7l-unknown-linux-gnueabihf
configure:2730: checking target system type
configure:2743: result: armv7l-unknown-linux-gnueabihf
configure:2786: checking for a BSD-compatible install
configure:2854: result: /usr/bin/install -c
configure:2865: checking whether build environment is sane
configure:2915: result: yes
configure:3056: checking for a thread-safe mkdir -p
configure:3095: result: /bin/mkdir -p
configure:3108: checking for gawk
configure:3135: result: gawk
configure:3146: checking whether /usr/bin/make sets $(MAKE)
configure:3168: result: yes
configure:3688: checking for armv7l-unknown-linux-gnueabihf-nm
configure:3715: result: nm
configure:3786: checking for armv7l-unknown-linux-gnueabihf-gcc
configure:3813: result: gcc
configure:4082: checking for C compiler version
configure:4091: gcc --version >&5
gcc (Ubuntu/Linaro 8.4.0-1ubuntu1~18.04) 8.4.0
Copyright (C) 2018 Free Software Foundation, Inc.
This is free software; see the source for copying conditions.  There is NO
warranty; not even for MERCHANTABILITY or FITNESS FOR A PARTICULAR PURPOSE.

configure:4102: $? = 0
configure:4091: gcc -v >&5
Using built-in specs.
COLLECT_GCC=/usr/bin/gcc
COLLECT_LTO_WRAPPER=/usr/lib/gcc/arm-linux-gnueabihf/8/lto-wrapper
Target: arm-linux-gnueabihf
Configured with: ../src/configure -v --with-pkgversion='Ubuntu/Linaro 8.4.0-1ubuntu1~18.04' --with-bugurl=file:///usr/share/doc/gcc-8/README.Bugs --enable-languages=c,ada,c++,go,d,fortran,objc,obj-c++ --prefix=/usr --with-gcc-major-version-only --program-suffix=-8 --program-prefix=arm-linux-gnueabihf- --enable-shared --enable-linker-build-id --libexecdir=/usr/lib --without-included-gettext --enable-threads=posix --libdir=/usr/lib --enable-nls --enable-clocale=gnu --enable-libstdcxx-debug --enable-libstdcxx-time=yes --with-default-libstdcxx-abi=new --enable-gnu-unique-object --disable-libitm --disable-libquadmath --disable-libquadmath-support --enable-plugin --enable-default-pie --with-system-zlib --with-target-system-zlib=auto --enable-objc-gc=auto --enable-multiarch --enable-multilib --disable-sjlj-exceptions --with-arch=armv7-a --with-fpu=vfpv3-d16 --with-float=hard --with-mode=thumb --disable-werror --enable-multilib --enable-checking=release --build=arm-linux-gnueabihf --host=arm-linux-gnueabihf --target=arm-linux-gnueabihf
Thread model: posix
gcc version 8.4.0 (Ubuntu/Linaro 8.4.0-1ubuntu1~18.04) 
configure:4102: $? = 0
configure:4091: gcc -V >&5
gcc: error: unrecognized command line option '-V'
gcc: fatal error: no input files
compilation terminated.
configure:4102: $? = 1
configure:4091: gcc -qversion >&5
gcc: error: unrecognized command line option '-qversion'; did you mean '--version'?
gcc: fatal error: no input files
compilation terminated.
configure:4102: $? = 1
configure:4122: checking for C compiler default output file name
configure:4144: gcc -g -O2  -static-libstdc++ -static-libgcc  conftest.c  >&5
configure:4148: $? = 0
configure:4185: result: a.out
configure:4201: checking whether the C compiler works
configure:4210: ./a.out
configure:4214: $? = 0
configure:4229: result: yes
configure:4236: checking whether we are cross compiling
configure:4238: result: no
configure:4241: checking for suffix of executables
configure:4248: gcc -o conftest -g -O2  -static-libstdc++ -static-libgcc  conftest.c  >&5
configure:4252: $? = 0
configure:4274: result: 
configure:4280: checking for suffix of object files
configure:4327: result: o
configure:4331: checking whether we are using the GNU C compiler
configure:4359: result: yes
configure:4368: checking whether gcc accepts -g
configure:4429: result: yes
configure:4446: checking for gcc option to accept ISO C89
configure:4523: result: none needed
configure:4554: checking for style of include used by /usr/bin/make
configure:4582: result: GNU
configure:4608: checking dependency style of gcc
configure:4719: result: gcc3
configure:4846: checking for C++ compiler version
configure:4855: g++ --version >&5
g++ (Ubuntu/Linaro 8.4.0-1ubuntu1~18.04) 8.4.0
Copyright (C) 2018 Free Software Foundation, Inc.
This is free software; see the source for copying conditions.  There is NO
warranty; not even for MERCHANTABILITY or FITNESS FOR A PARTICULAR PURPOSE.

configure:4866: $? = 0
configure:4855: g++ -v >&5
Using built-in specs.
COLLECT_GCC=/usr/bin/g++
COLLECT_LTO_WRAPPER=/usr/lib/gcc/arm-linux-gnueabihf/8/lto-wrapper
Target: arm-linux-gnueabihf
Configured with: ../src/configure -v --with-pkgversion='Ubuntu/Linaro 8.4.0-1ubuntu1~18.04' --with-bugurl=file:///usr/share/doc/gcc-8/README.Bugs --enable-languages=c,ada,c++,go,d,fortran,objc,obj-c++ --prefix=/usr --with-gcc-major-version-only --program-suffix=-8 --program-prefix=arm-linux-gnueabihf- --enable-shared --enable-linker-build-id --libexecdir=/usr/lib --without-included-gettext --enable-threads=posix --libdir=/usr/lib --enable-nls --enable-clocale=gnu --enable-libstdcxx-debug --enable-libstdcxx-time=yes --with-default-libstdcxx-abi=new --enable-gnu-unique-object --disable-libitm --disable-libquadmath --disable-libquadmath-support --enable-plugin --enable-default-pie --with-system-zlib --with-target-system-zlib=auto --enable-objc-gc=auto --enable-multiarch --enable-multilib --disable-sjlj-exceptions --with-arch=armv7-a --with-fpu=vfpv3-d16 --with-float=hard --with-mode=thumb --disable-werror --enable-multilib --enable-checking=release --build=arm-linux-gnueabihf --host=arm-linux-gnueabihf --target=arm-linux-gnueabihf
Thread model: posix
gcc version 8.4.0 (Ubuntu/Linaro 8.4.0-1ubuntu1~18.04) 
configure:4866: $? = 0
configure:4855: g++ -V >&5
g++: error: unrecognized command line option '-V'
g++: fatal error: no input files
compilation terminated.
configure:4866: $? = 1
configure:4855: g++ -qversion >&5
g++: error: unrecognized command line option '-qversion'; did you mean '--version'?
g++: fatal error: no input files
compilation terminated.
configure:4866: $? = 1
configure:4870: checking whether we are using the GNU C++ compiler
configure:4898: result: yes
configure:4907: checking whether g++ accepts -g
configure:4968: result: yes
configure:4993: checking dependency style of g++
configure:5104: result: gcc3
configure:5123: checking for bison
configure:5150: result: bison -y
configure:5165: checking for armv7l-unknown-linux-gnueabihf-ranlib
configure:5192: result: ranlib
configure:5255: checking whether ln -s works
configure:5259: result: yes
configure:5273: checking how to run the C preprocessor
configure:5343: result: gcc -E
configure:5363: gcc -E  conftest.c
configure:5363: $? = 0
configure:5377: gcc -E  conftest.c
conftest.c:26:10: fatal error: ac_nonexistent.h: No such file or directory
 #include <ac_nonexistent.h>
          ^~~~~~~~~~~~~~~~~~
compilation terminated.
configure:5377: $? = 1
configure: failed program was:
| /* confdefs.h */
| #define PACKAGE_NAME "gold"
| #define PACKAGE_TARNAME "gold"
| #define PACKAGE_VERSION "0.1"
| #define PACKAGE_STRING "gold 0.1"
| #define PACKAGE_BUGREPORT ""
| #define PACKAGE_URL ""
| #define PACKAGE "gold"
| #define VERSION "0.1"
| #define TARGET_SYSTEM_ROOT ""
| #define TARGET_SYSTEM_ROOT_RELOCATABLE 0
| #define ENABLE_PLUGINS 1
| #define DEFAULT_LD_Z_RELRO 1
| #define DEFAULT_HASH_STYLE "both"
| #define HAVE_TARGET_32_LITTLE 1
| #define HAVE_TARGET_32_BIG 1
| #define HAVE_TARGET_64_LITTLE 1
| #define HAVE_TARGET_64_BIG 1
| #define GOLD_DEFAULT_MACHINE EM_ARM
| #define GOLD_DEFAULT_SIZE 32
| #define GOLD_DEFAULT_BIG_ENDIAN false
| #define GOLD_DEFAULT_OSABI ELFOSABI_NONE
| #define LIB_PATH "::DEFAULT::"
| #define NATIVE_LINKER 1
| /* end confdefs.h.  */
| #include <ac_nonexistent.h>
configure:5406: checking for grep that handles long lines and -e
configure:5464: result: /bin/grep
configure:5469: checking for egrep
configure:5531: result: /bin/grep -E
configure:5536: checking for ANSI C header files
configure:5640: result: yes
configure:5653: checking for sys/types.h
configure:5653: result: yes
configure:5653: checking for sys/stat.h
configure:5653: result: yes
configure:5653: checking for stdlib.h
configure:5653: result: yes
configure:5653: checking for string.h
configure:5653: result: yes
configure:5653: checking for memory.h
configure:5653: result: yes
configure:5653: checking for strings.h
configure:5653: result: yes
configure:5653: checking for inttypes.h
configure:5653: result: yes
configure:5653: checking for stdint.h
configure:5653: result: yes
configure:5653: checking for unistd.h
configure:5653: result: yes
configure:5667: checking for minix/config.h
configure:5667: result: no
configure:5688: checking whether it is safe to define __EXTENSIONS__
configure:5713: result: yes
configure:5742: checking whether NLS is requested
configure:5748: result: yes
configure:5754: checking for catalogs to be installed
configure:5786: result:  es fi fr id it ja sv uk vi zh_CN es fi fr id it ja sv uk vi zh_CN
configure:5813: checking whether NLS is requested
configure:5822: result: yes
configure:5860: checking for msgfmt
configure:5891: result: /usr/bin/msgfmt
configure:5900: checking for gmsgfmt
configure:5931: result: /usr/bin/msgfmt
configure:5971: checking for xgettext
configure:6002: result: /usr/bin/xgettext
configure:6042: checking for msgmerge
configure:6072: result: /usr/bin/msgmerge
configure:6108: checking whether byte ordering is bigendian
configure:6314: result: no
configure:6361: checking whether static linking works
configure:6389: result: yes
configure:6416: checking for gcc >= 4.1
configure:6438: result: yes
configure:6447: gcc -c -g -O2 -mcmodel=medium  conftest.c >&5
gcc: error: unrecognized command line option '-mcmodel=medium'
configure:6447: $? = 1
configure: failed program was:
| /* confdefs.h */
| #define PACKAGE_NAME "gold"
| #define PACKAGE_TARNAME "gold"
| #define PACKAGE_VERSION "0.1"
| #define PACKAGE_STRING "gold 0.1"
| #define PACKAGE_BUGREPORT ""
| #define PACKAGE_URL ""
| #define PACKAGE "gold"
| #define VERSION "0.1"
| #define TARGET_SYSTEM_ROOT ""
| #define TARGET_SYSTEM_ROOT_RELOCATABLE 0
| #define ENABLE_PLUGINS 1
| #define DEFAULT_LD_Z_RELRO 1
| #define DEFAULT_HASH_STYLE "both"
| #define HAVE_TARGET_32_LITTLE 1
| #define HAVE_TARGET_32_BIG 1
| #define HAVE_TARGET_64_LITTLE 1
| #define HAVE_TARGET_64_BIG 1
| #define GOLD_DEFAULT_MACHINE EM_ARM
| #define GOLD_DEFAULT_SIZE 32
| #define GOLD_DEFAULT_BIG_ENDIAN false
| #define GOLD_DEFAULT_OSABI ELFOSABI_NONE
| #define LIB_PATH "::DEFAULT::"
| #define NATIVE_LINKER 1
| #define STDC_HEADERS 1
| #define HAVE_SYS_TYPES_H 1
| #define HAVE_SYS_STAT_H 1
| #define HAVE_STDLIB_H 1
| #define HAVE_STRING_H 1
| #define HAVE_MEMORY_H 1
| #define HAVE_STRINGS_H 1
| #define HAVE_INTTYPES_H 1
| #define HAVE_STDINT_H 1
| #define HAVE_UNISTD_H 1
| #define __EXTENSIONS__ 1
| #define _ALL_SOURCE 1
| #define _GNU_SOURCE 1
| #define _POSIX_PTHREAD_SEMANTICS 1
| #define _TANDEM_SOURCE 1
| #define ENABLE_NLS 1
| /* end confdefs.h.  */
| int i;
configure:6463: checking whether gcc supports -fmerge-constants
configure:6483: result: yes
configure:6492: checking for thread support
configure:6508: result: yes
configure:6520: checking for glibc >= 2.4
configure:6543: result: yes
configure:6555: checking for omp support
configure:6578: result: yes
configure:6606: gcc -c -g -O2 -Werror -fpic -mtls-dialect=gnu2  conftest.c >&5
configure:6606: $? = 0
configure:6622: checking for glibc >= 2.9
configure:6645: result: yes
configure:6657: checking for -frandom-seed support
configure:6676: result: yes
configure:6685: checking for glibc ifunc support
configure:6730: result: both
configure:6939: checking for sys/mman.h
configure:6939: result: yes
configure:6952: checking for chsize
configure:6952: result: no
configure:6952: checking for mmap
configure:6952: result: yes
configure:6965: checking for pread
configure:6965: result: yes
configure:6965: checking for ftruncate
configure:6965: result: yes
configure:6965: checking for ffsll
configure:6965: result: yes
configure:6984: checking mremap with MREMAP_MAYMOVE
configure:7012: result: yes
configure:7046: checking whether basename is declared
configure:7046: result: yes
configure:7056: checking whether ffs is declared
configure:7056: result: yes
configure:7066: checking whether asprintf is declared
configure:7066: result: yes
configure:7076: checking whether vasprintf is declared
configure:7076: result: yes
configure:7086: checking whether snprintf is declared
configure:7086: result: yes
configure:7096: checking whether vsnprintf is declared
configure:7096: result: yes
configure:7106: checking whether strverscmp is declared
configure:7106: result: yes
configure:7124: gcc -c -g -O2 -Werror -gpubnames  conftest.c >&5
configure:7124: $? = 0
configure:7146: gcc -c -g -O2 -Werror -fno-use-linker-plugin  conftest.c >&5
configure:7146: $? = 0
configure:7175: checking how to run the C++ preprocessor
configure:7241: result: g++ -E
configure:7261: g++ -E  conftest.cpp
configure:7261: $? = 0
configure:7275: g++ -E  conftest.cpp
conftest.cpp:56:10: fatal error: ac_nonexistent.h: No such file or directory
 #include <ac_nonexistent.h>
          ^~~~~~~~~~~~~~~~~~
compilation terminated.
configure:7275: $? = 1
configure: failed program was:
| /* confdefs.h */
| #define PACKAGE_NAME "gold"
| #define PACKAGE_TARNAME "gold"
| #define PACKAGE_VERSION "0.1"
| #define PACKAGE_STRING "gold 0.1"
| #define PACKAGE_BUGREPORT ""
| #define PACKAGE_URL ""
| #define PACKAGE "gold"
| #define VERSION "0.1"
| #define TARGET_SYSTEM_ROOT ""
| #define TARGET_SYSTEM_ROOT_RELOCATABLE 0
| #define ENABLE_PLUGINS 1
| #define DEFAULT_LD_Z_RELRO 1
| #define DEFAULT_HASH_STYLE "both"
| #define HAVE_TARGET_32_LITTLE 1
| #define HAVE_TARGET_32_BIG 1
| #define HAVE_TARGET_64_LITTLE 1
| #define HAVE_TARGET_64_BIG 1
| #define GOLD_DEFAULT_MACHINE EM_ARM
| #define GOLD_DEFAULT_SIZE 32
| #define GOLD_DEFAULT_BIG_ENDIAN false
| #define GOLD_DEFAULT_OSABI ELFOSABI_NONE
| #define LIB_PATH "::DEFAULT::"
| #define NATIVE_LINKER 1
| #define STDC_HEADERS 1
| #define HAVE_SYS_TYPES_H 1
| #define HAVE_SYS_STAT_H 1
| #define HAVE_STDLIB_H 1
| #define HAVE_STRING_H 1
| #define HAVE_MEMORY_H 1
| #define HAVE_STRINGS_H 1
| #define HAVE_INTTYPES_H 1
| #define HAVE_STDINT_H 1
| #define HAVE_UNISTD_H 1
| #define __EXTENSIONS__ 1
| #define _ALL_SOURCE 1
| #define _GNU_SOURCE 1
| #define _POSIX_PTHREAD_SEMANTICS 1
| #define _TANDEM_SOURCE 1
| #define ENABLE_NLS 1
| #define HAVE_OMP_SUPPORT 1
| #define HAVE_SYS_MMAN_H 1
| #define HAVE_MMAP 1
| #define HAVE_PREAD 1
| #define HAVE_FTRUNCATE 1
| #define HAVE_FFSLL 1
| #define HAVE_MREMAP 1
| #define HAVE_DECL_BASENAME 1
| #define HAVE_DECL_FFS 1
| #define HAVE_DECL_ASPRINTF 1
| #define HAVE_DECL_VASPRINTF 1
| #define HAVE_DECL_SNPRINTF 1
| #define HAVE_DECL_VSNPRINTF 1
| #define HAVE_DECL_STRVERSCMP 1
| /* end confdefs.h.  */
| #include <ac_nonexistent.h>
configure:7307: checking for unordered_set
configure:7307: result: yes
configure:7307: checking for unordered_map
configure:7307: result: yes
configure:7321: checking for tr1/unordered_set
configure:7321: result: yes
configure:7321: checking for tr1/unordered_map
configure:7321: result: yes
configure:7335: checking for ext/hash_map
configure:7335: result: yes
configure:7335: checking for ext/hash_set
configure:7335: result: yes
configure:7348: checking for byteswap.h
configure:7348: result: yes
configure:7361: checking for windows.h
configure:7361: result: no
configure:7373: checking for dlfcn.h
configure:7373: result: yes
configure:7383: checking for library containing dlopen
configure:7431: result: -ldl
configure:7448: checking for mallinfo
configure:7448: result: yes
configure:7448: checking for posix_fallocate
configure:7448: result: yes
configure:7448: checking for fallocate
configure:7448: result: yes
configure:7448: checking for readv
configure:7448: result: yes
configure:7448: checking for sysconf
configure:7448: result: yes
configure:7448: checking for times
configure:7448: result: yes
configure:7458: checking whether basename is declared
configure:7458: result: yes
configure:7468: checking whether ffs is declared
configure:7468: result: yes
configure:7478: checking whether asprintf is declared
configure:7478: result: yes
configure:7488: checking whether vasprintf is declared
configure:7488: result: yes
configure:7498: checking whether snprintf is declared
configure:7498: result: yes
configure:7508: checking whether vsnprintf is declared
configure:7508: result: yes
configure:7518: checking whether strverscmp is declared
configure:7518: result: yes
configure:7528: checking whether strndup is declared
configure:7528: result: yes
configure:7538: checking whether memmem is declared
configure:7538: result: yes
configure:7552: checking whether ::std::tr1::unordered_map::rehash is usable.
configure:7579: result: yes
configure:7589: checking whether std::tr1::hash<off_t> is defined
configure:7612: result: yes
configure:7623: checking whether we can use attributes with template functions
configure:7644: result: yes
configure:7652: checking for struct stat::st_mtim.
configure:7678: result: yes
configure:7695: checking for locale.h
configure:7695: result: yes
configure:7707: checking for setlocale
configure:7707: result: yes
configure:7717: checking for LC_MESSAGES
configure:7741: result: yes
configure:7751: checking whether to enable maintainer-specific portions of Makefiles
configure:7760: result: no
configure:8015: creating ./config.status

## ---------------------- ##
## Running config.status. ##
## ---------------------- ##

This file was extended by gold config.status 0.1, which was
generated by GNU Autoconf 2.64.  Invocation command line was

  CONFIG_FILES    = 
  CONFIG_HEADERS  = 
  CONFIG_LINKS    = 
  CONFIG_COMMANDS = 
  $ ./config.status 

on a4fb44a29b82

config.status:1037: creating Makefile
config.status:1037: creating testsuite/Makefile
config.status:1037: creating po/Makefile.in
config.status:1037: creating config.h
config.status:1209: config.h is unchanged
config.status:1257: executing depfiles commands
config.status:1257: executing default-1 commands

## ---------------- ##
## Cache variables. ##
## ---------------- ##

ac_cv_build=armv7l-unknown-linux-gnueabihf
ac_cv_c_bigendian=no
ac_cv_c_compiler_gnu=yes
ac_cv_cxx_compiler_gnu=yes
ac_cv_env_CCC_set=
ac_cv_env_CCC_value=
ac_cv_env_CC_set=set
ac_cv_env_CC_value=gcc
ac_cv_env_CFLAGS_set=set
ac_cv_env_CFLAGS_value='-g -O2'
ac_cv_env_CPPFLAGS_set=
ac_cv_env_CPPFLAGS_value=
ac_cv_env_CPP_set=
ac_cv_env_CPP_value=
ac_cv_env_CXXCPP_set=
ac_cv_env_CXXCPP_value=
ac_cv_env_CXXFLAGS_set=set
ac_cv_env_CXXFLAGS_value='-g -O2'
ac_cv_env_CXX_set=set
ac_cv_env_CXX_value=g++
ac_cv_env_LDFLAGS_set=set
ac_cv_env_LDFLAGS_value='-static-libstdc++ -static-libgcc '
ac_cv_env_LIBS_set=
ac_cv_env_LIBS_value=
ac_cv_env_YACC_set=set
ac_cv_env_YACC_value='bison -y'
ac_cv_env_YFLAGS_set=
ac_cv_env_YFLAGS_value=
ac_cv_env_build_alias_set=set
ac_cv_env_build_alias_value=armv7l-unknown-linux-gnueabihf
ac_cv_env_host_alias_set=set
ac_cv_env_host_alias_value=armv7l-unknown-linux-gnueabihf
ac_cv_env_target_alias_set=set
ac_cv_env_target_alias_value=armv7l-unknown-linux-gnueabihf
ac_cv_func_chsize=no
ac_cv_func_fallocate=yes
ac_cv_func_ffsll=yes
ac_cv_func_ftruncate=yes
ac_cv_func_mallinfo=yes
ac_cv_func_mmap=yes
ac_cv_func_posix_fallocate=yes
ac_cv_func_pread=yes
ac_cv_func_readv=yes
ac_cv_func_setlocale=yes
ac_cv_func_sysconf=yes
ac_cv_func_times=yes
ac_cv_have_decl_asprintf=yes
ac_cv_have_decl_basename=yes
ac_cv_have_decl_ffs=yes
ac_cv_have_decl_memmem=yes
ac_cv_have_decl_snprintf=yes
ac_cv_have_decl_strndup=yes
ac_cv_have_decl_strverscmp=yes
ac_cv_have_decl_vasprintf=yes
ac_cv_have_decl_vsnprintf=yes
ac_cv_header_byteswap_h=yes
ac_cv_header_dlfcn_h=yes
ac_cv_header_ext_hash_map=yes
ac_cv_header_ext_hash_set=yes
ac_cv_header_inttypes_h=yes
ac_cv_header_locale_h=yes
ac_cv_header_memory_h=yes
ac_cv_header_minix_config_h=no
ac_cv_header_stdc=yes
ac_cv_header_stdint_h=yes
ac_cv_header_stdlib_h=yes
ac_cv_header_string_h=yes
ac_cv_header_strings_h=yes
ac_cv_header_sys_mman_h=yes
ac_cv_header_sys_stat_h=yes
ac_cv_header_sys_types_h=yes
ac_cv_header_tr1_unordered_map=yes
ac_cv_header_tr1_unordered_set=yes
ac_cv_header_unistd_h=yes
ac_cv_header_unordered_map=yes
ac_cv_header_unordered_set=yes
ac_cv_header_windows_h=no
ac_cv_host=armv7l-unknown-linux-gnueabihf
ac_cv_objext=o
ac_cv_path_EGREP='/bin/grep -E'
ac_cv_path_GMSGFMT=/usr/bin/msgfmt
ac_cv_path_GREP=/bin/grep
ac_cv_path_MSGFMT=/usr/bin/msgfmt
ac_cv_path_MSGMERGE=/usr/bin/msgmerge
ac_cv_path_XGETTEXT=/usr/bin/xgettext
ac_cv_path_mkdir=/bin/mkdir
ac_cv_prog_AWK=gawk
ac_cv_prog_CC=gcc
ac_cv_prog_CPP='gcc -E'
ac_cv_prog_CXXCPP='g++ -E'
ac_cv_prog_NM=nm
ac_cv_prog_RANLIB=ranlib
ac_cv_prog_YACC='bison -y'
ac_cv_prog_cc_c89=
ac_cv_prog_cc_g=yes
ac_cv_prog_cxx_g=yes
ac_cv_prog_make__usr_bin_make_set=yes
ac_cv_safe_to_define___extensions__=yes
ac_cv_search_dlopen=-ldl
ac_cv_target=armv7l-unknown-linux-gnueabihf
am_cv_CC_dependencies_compiler_type=gcc3
am_cv_CXX_dependencies_compiler_type=gcc3
am_cv_val_LC_MESSAGES=yes
gold_cv_c_random_seed=yes
gold_cv_c_thread=yes
gold_cv_c_threadprivate=yes
gold_cv_hash_off_t=yes
gold_cv_lib_glibc24=yes
gold_cv_lib_glibc29=yes
gold_cv_lib_glibc_ifunc=both
gold_cv_lib_mremap_maymove=yes
gold_cv_lib_static=yes
gold_cv_merge_constants=yes
gold_cv_prog_gcc41=yes
gold_cv_stat_st_mtim=yes
gold_cv_template_attribute=yes
gold_cv_unordered_map_rehash=yes

## ----------------- ##
## Output variables. ##
## ----------------- ##

ACLOCAL='${SHELL} /opt/shared/sok-arm/gt/build_arm/binutils-2.30/missing --run aclocal-1.11'
AMDEPBACKSLASH='\'
AMDEP_FALSE='#'
AMDEP_TRUE=''
AMTAR='$${TAR-tar}'
AUTOCONF='${SHELL} /opt/shared/sok-arm/gt/build_arm/binutils-2.30/missing --run autoconf'
AUTOHEADER='${SHELL} /opt/shared/sok-arm/gt/build_arm/binutils-2.30/missing --run autoheader'
AUTOMAKE='${SHELL} /opt/shared/sok-arm/gt/build_arm/binutils-2.30/missing --run automake-1.11'
AWK='gawk'
CATALOGS=' es.gmo fi.gmo fr.gmo id.gmo it.gmo ja.gmo sv.gmo uk.gmo vi.gmo zh_CN.gmo es.gmo fi.gmo fr.gmo id.gmo it.gmo ja.gmo sv.gmo uk.gmo vi.gmo zh_CN.gmo'
CATOBJEXT='.gmo'
CC='gcc'
CCDEPMODE='depmode=gcc3'
CFLAGS='-g -O2'
CPP='gcc -E'
CPPFLAGS=''
CXX='g++'
CXXCPP='g++ -E'
CXXDEPMODE='depmode=gcc3'
CXXFLAGS='-g -O2'
CYGPATH_W='echo'
DATADIRNAME='share'
DEFAULT_TARGET='arm'
DEFAULT_TARGET_AARCH64_FALSE=''
DEFAULT_TARGET_AARCH64_TRUE='#'
DEFAULT_TARGET_ARM_FALSE='#'
DEFAULT_TARGET_ARM_TRUE=''
DEFAULT_TARGET_I386_FALSE=''
DEFAULT_TARGET_I386_TRUE='#'
DEFAULT_TARGET_MIPS_FALSE=''
DEFAULT_TARGET_MIPS_TRUE='#'
DEFAULT_TARGET_POWERPC_FALSE=''
DEFAULT_TARGET_POWERPC_TRUE='#'
DEFAULT_TARGET_S390_FALSE=''
DEFAULT_TARGET_S390_TRUE='#'
DEFAULT_TARGET_SPARC_FALSE=''
DEFAULT_TARGET_SPARC_TRUE='#'
DEFAULT_TARGET_TILEGX_FALSE=''
DEFAULT_TARGET_TILEGX_TRUE='#'
DEFAULT_TARGET_X32_FALSE=''
DEFAULT_TARGET_X32_TRUE='#'
DEFAULT_TARGET_X86_64_FALSE=''
DEFAULT_TARGET_X86_64_OR_X32_FALSE=''
DEFAULT_TARGET_X86_64_OR_X32_TRUE='#'
DEFAULT_TARGET_X86_64_TRUE='#'
DEFS='-DHAVE_CONFIG_H'
DEPDIR='.deps'
DLOPEN_LIBS='-ldl'
ECHO_C=''
ECHO_N='-n'
ECHO_T=''
EGREP='/bin/grep -E'
EXEEXT=''
FN_PTRS_IN_SO_WITHOUT_PIC_FALSE='#'
FN_PTRS_IN_SO_WITHOUT_PIC_TRUE=''
GCC_FALSE='#'
GCC_TRUE=''
GENCAT='gencat'
GMSGFMT='/usr/bin/msgfmt'
GOLD_LDADD=''
GOLD_LDFLAGS=''
GREP='/bin/grep'
HAVE_NO_USE_LINKER_PLUGIN_FALSE='#'
HAVE_NO_USE_LINKER_PLUGIN_TRUE=''
HAVE_PUBNAMES_FALSE='#'
HAVE_PUBNAMES_TRUE=''
HAVE_STATIC_FALSE='#'
HAVE_STATIC_TRUE=''
IFUNC_FALSE='#'
IFUNC_STATIC_FALSE='#'
IFUNC_STATIC_TRUE=''
IFUNC_TRUE=''
INCINTL=''
INSTALL_DATA='/usr/bin/install -c -m 644'
INSTALL_PROGRAM='/usr/bin/install -c'
INSTALL_SCRIPT='/usr/bin/install -c'
INSTALL_STRIP_PROGRAM='$(install_sh) -c -s'
INSTOBJEXT='.mo'
LDFLAGS='-static-libstdc++ -static-libgcc '
LFS_CFLAGS='-D_LARGEFILE_SOURCE -D_FILE_OFFSET_BITS=64'
LIBINTL=''
LIBINTL_DEP=''
LIBOBJS=''
LIBS='-ldl '
LN_S='ln -s'
LTLIBOBJS=''
MAINT='#'
MAINTAINER_MODE_FALSE=''
MAINTAINER_MODE_TRUE='#'
MAKEINFO='makeinfo --split-size=5000000'
MCMODEL_MEDIUM_FALSE=''
MCMODEL_MEDIUM_TRUE='#'
MERGE_CONSTANTS_FLAG='-fmerge-constants'
MKDIR_P='/bin/mkdir -p'
MKINSTALLDIRS='$(top_builddir)/./../mkinstalldirs'
MSGFMT='/usr/bin/msgfmt'
MSGMERGE='/usr/bin/msgmerge'
NATIVE_LINKER_FALSE='#'
NATIVE_LINKER_TRUE=''
NATIVE_OR_CROSS_LINKER_FALSE='#'
NATIVE_OR_CROSS_LINKER_TRUE=''
NM='nm'
NO_WERROR=''
OBJEXT='o'
OMP_SUPPORT_FALSE='#'
OMP_SUPPORT_TRUE=''
PACKAGE='gold'
PACKAGE_BUGREPORT=''
PACKAGE_NAME='gold'
PACKAGE_STRING='gold 0.1'
PACKAGE_TARNAME='gold'
PACKAGE_URL=''
PACKAGE_VERSION='0.1'
PATH_SEPARATOR=':'
PLUGINS_FALSE='#'
PLUGINS_TRUE=''
POSUB='po'
RANDOM_SEED_CFLAGS='-frandom-seed=$@'
RANLIB='ranlib'
SET_MAKE=''
SHELL='/bin/bash'
STATIC_TLS_FALSE='#'
STATIC_TLS_TRUE=''
STRIP=''
TARGETOBJS='$(ALL_TARGETOBJS)'
THREADS_FALSE=''
THREADS_TRUE='#'
TLS_DESCRIPTORS_FALSE='#'
TLS_DESCRIPTORS_TRUE=''
TLS_FALSE='#'
TLS_GNU2_DIALECT_FALSE='#'
TLS_GNU2_DIALECT_TRUE=''
TLS_TRUE=''
USE_NLS='yes'
VERSION='0.1'
WARN_CFLAGS='-W -Wall -Wstrict-prototypes -Wmissing-prototypes -Wshadow -Wstack-usage=262144'
WARN_CFLAGS_FOR_BUILD='-W -Wall -Wstrict-prototypes -Wmissing-prototypes -Wshadow -Wstack-usage=262144'
WARN_CXXFLAGS='-W -Wall    -Wstack-usage=262144'
WARN_WRITE_STRINGS='-Wwrite-strings'
XGETTEXT='/usr/bin/xgettext'
YACC='bison -y'
YFLAGS=''
ac_ct_CC=''
ac_ct_CXX=''
am__EXEEXT_FALSE=''
am__EXEEXT_TRUE='#'
am__fastdepCC_FALSE='#'
am__fastdepCC_TRUE=''
am__fastdepCXX_FALSE='#'
am__fastdepCXX_TRUE=''
am__include='include'
am__isrc=''
am__leading_dot='.'
am__nodep='_no'
am__quote=''
am__tar='$${TAR-tar} chof - "$$tardir"'
am__untar='$${TAR-tar} xf -'
bindir='${exec_prefix}/bin'
build='armv7l-unknown-linux-gnueabihf'
build_alias='armv7l-unknown-linux-gnueabihf'
build_cpu='armv7l'
build_os='linux-gnueabihf'
build_vendor='unknown'
datadir='${datarootdir}'
datarootdir='${prefix}/share'
docdir='${datarootdir}/doc/${PACKAGE_TARNAME}'
dvidir='${docdir}'
exec_prefix='${prefix}'
host='armv7l-unknown-linux-gnueabihf'
host_alias='armv7l-unknown-linux-gnueabihf'
host_cpu='armv7l'
host_os='linux-gnueabihf'
host_vendor='unknown'
htmldir='${docdir}'
includedir='${prefix}/include'
infodir='${datarootdir}/info'
install_as_default=''
install_sh='${SHELL} /opt/shared/sok-arm/gt/build_arm/binutils-2.30/install-sh'
installed_linker='ld.gold'
libdir='${exec_prefix}/lib'
libexecdir='${exec_prefix}/libexec'
localedir='${datarootdir}/locale'
localstatedir='${prefix}/var'
mandir='${datarootdir}/man'
mkdir_p='/bin/mkdir -p'
oldincludedir='/usr/include'
pdfdir='${docdir}'
prefix='/opt/shared/sok-arm/gt/build_arm/executable_binutils_debug'
program_transform_name='s,y,y,'
psdir='${docdir}'
sbindir='${exec_prefix}/sbin'
sharedstatedir='${prefix}/com'
sysconfdir='${prefix}/etc'
target='armv7l-unknown-linux-gnueabihf'
target_alias='armv7l-unknown-linux-gnueabihf'
target_cpu='armv7l'
target_os='linux-gnueabihf'
target_vendor='unknown'
zlibdir=''
zlibinc=''

## ----------- ##
## confdefs.h. ##
## ----------- ##

/* confdefs.h */
#define PACKAGE_NAME "gold"
#define PACKAGE_TARNAME "gold"
#define PACKAGE_VERSION "0.1"
#define PACKAGE_STRING "gold 0.1"
#define PACKAGE_BUGREPORT ""
#define PACKAGE_URL ""
#define PACKAGE "gold"
#define VERSION "0.1"
#define TARGET_SYSTEM_ROOT ""
#define TARGET_SYSTEM_ROOT_RELOCATABLE 0
#define ENABLE_PLUGINS 1
#define DEFAULT_LD_Z_RELRO 1
#define DEFAULT_HASH_STYLE "both"
#define HAVE_TARGET_32_LITTLE 1
#define HAVE_TARGET_32_BIG 1
#define HAVE_TARGET_64_LITTLE 1
#define HAVE_TARGET_64_BIG 1
#define GOLD_DEFAULT_MACHINE EM_ARM
#define GOLD_DEFAULT_SIZE 32
#define GOLD_DEFAULT_BIG_ENDIAN false
#define GOLD_DEFAULT_OSABI ELFOSABI_NONE
#define LIB_PATH "::DEFAULT::"
#define NATIVE_LINKER 1
#define STDC_HEADERS 1
#define HAVE_SYS_TYPES_H 1
#define HAVE_SYS_STAT_H 1
#define HAVE_STDLIB_H 1
#define HAVE_STRING_H 1
#define HAVE_MEMORY_H 1
#define HAVE_STRINGS_H 1
#define HAVE_INTTYPES_H 1
#define HAVE_STDINT_H 1
#define HAVE_UNISTD_H 1
#define __EXTENSIONS__ 1
#define _ALL_SOURCE 1
#define _GNU_SOURCE 1
#define _POSIX_PTHREAD_SEMANTICS 1
#define _TANDEM_SOURCE 1
#define ENABLE_NLS 1
#define HAVE_OMP_SUPPORT 1
#define HAVE_SYS_MMAN_H 1
#define HAVE_MMAP 1
#define HAVE_PREAD 1
#define HAVE_FTRUNCATE 1
#define HAVE_FFSLL 1
#define HAVE_MREMAP 1
#define HAVE_DECL_BASENAME 1
#define HAVE_DECL_FFS 1
#define HAVE_DECL_ASPRINTF 1
#define HAVE_DECL_VASPRINTF 1
#define HAVE_DECL_SNPRINTF 1
#define HAVE_DECL_VSNPRINTF 1
#define HAVE_DECL_STRVERSCMP 1
#define HAVE_UNORDERED_SET 1
#define HAVE_UNORDERED_MAP 1
#define HAVE_TR1_UNORDERED_SET 1
#define HAVE_TR1_UNORDERED_MAP 1
#define HAVE_EXT_HASH_MAP 1
#define HAVE_EXT_HASH_SET 1
#define HAVE_BYTESWAP_H 1
#define HAVE_DLFCN_H 1
#define HAVE_MALLINFO 1
#define HAVE_POSIX_FALLOCATE 1
#define HAVE_FALLOCATE 1
#define HAVE_READV 1
#define HAVE_SYSCONF 1
#define HAVE_TIMES 1
#define HAVE_DECL_BASENAME 1
#define HAVE_DECL_FFS 1
#define HAVE_DECL_ASPRINTF 1
#define HAVE_DECL_VASPRINTF 1
#define HAVE_DECL_SNPRINTF 1
#define HAVE_DECL_VSNPRINTF 1
#define HAVE_DECL_STRVERSCMP 1
#define HAVE_DECL_STRNDUP 1
#define HAVE_DECL_MEMMEM 1
#define HAVE_TR1_UNORDERED_MAP_REHASH 1
#define HAVE_TR1_HASH_OFF_T 1
#define HAVE_TEMPLATE_ATTRIBUTES 1
#define HAVE_STAT_ST_MTIM 1
#define HAVE_LOCALE_H 1
#define HAVE_SETLOCALE 1
#define HAVE_LC_MESSAGES 1

configure: exit 0
